[2018-12-17 15:02:43.375] [sharedprocess] [info] main {"machineId":"114c390084ddc870c04c155096d47db1538a35336aa1fa76332f4abae57f9a56"}
[2018-12-17 15:02:43.524] [sharedprocess] [info] Scanned user extensions: 20
[2018-12-17 15:02:43.626] [sharedprocess] [info] Scanned system extensions: 72
[2018-12-17 15:02:43.773] [sharedprocess] [info] Scanned user extensions: 20
[2018-12-17 15:02:43.791] [sharedprocess] [info] Scanned user extensions: 20
[2018-12-17 15:02:43.863] [sharedprocess] [info] Scanned system extensions: 72
[2018-12-17 15:02:45.973] [sharedprocess] [info] Scanned user extensions: 20
[2018-12-17 15:02:47.588] [sharedprocess] [info] Scanned user extensions: 20
[2018-12-17 15:02:47.859] [sharedprocess] [info] Scanned system extensions: 72
[2018-12-17 15:03:23.382] [sharedprocess] [info] Starting to clean up unused language packs.
[2018-12-17 15:07:46.011] [sharedprocess] [info] Scanned user extensions: 20
[2018-12-17 15:12:46.029] [sharedprocess] [info] Scanned user extensions: 20
[2018-12-17 15:17:46.045] [sharedprocess] [info] Scanned user extensions: 20
[2018-12-17 15:22:46.062] [sharedprocess] [info] Scanned user extensions: 20
[2018-12-17 15:27:46.080] [sharedprocess] [info] Scanned user extensions: 20
[2018-12-17 15:32:46.088] [sharedprocess] [info] Scanned user extensions: 20
[2018-12-17 15:37:46.098] [sharedprocess] [info] Scanned user extensions: 20
[2018-12-17 15:42:46.109] [sharedprocess] [info] Scanned user extensions: 20
[2018-12-17 15:47:46.123] [sharedprocess] [info] Scanned user extensions: 20
[2018-12-17 15:52:46.134] [sharedprocess] [info] Scanned user extensions: 20
[2018-12-17 15:57:46.150] [sharedprocess] [info] Scanned user extensions: 20
[2018-12-17 16:02:46.166] [sharedprocess] [info] Scanned user extensions: 20
[2018-12-17 16:07:46.179] [sharedprocess] [info] Scanned user extensions: 20
[2018-12-17 16:12:46.190] [sharedprocess] [info] Scanned user extensions: 20
[2018-12-17 16:17:46.208] [sharedprocess] [info] Scanned user extensions: 20
[2018-12-17 16:22:46.224] [sharedprocess] [info] Scanned user extensions: 20
[2018-12-17 16:27:46.234] [sharedprocess] [info] Scanned user extensions: 20
[2018-12-17 16:32:46.275] [sharedprocess] [info] Scanned user extensions: 20
[2018-12-17 16:37:46.322] [sharedprocess] [info] Scanned user extensions: 20
[2018-12-17 16:42:46.365] [sharedprocess] [info] Scanned user extensions: 20
[2018-12-17 16:47:46.429] [sharedprocess] [info] Scanned user extensions: 20
[2018-12-17 16:52:46.492] [sharedprocess] [info] Scanned user extensions: 20
[2018-12-17 16:57:46.556] [sharedprocess] [info] Scanned user extensions: 20
[2018-12-17 17:02:46.588] [sharedprocess] [info] Scanned user extensions: 20
[2018-12-17 17:07:46.613] [sharedprocess] [info] Scanned user extensions: 20
[2018-12-17 17:12:46.657] [sharedprocess] [info] Scanned user extensions: 20
[2018-12-17 17:17:46.690] [sharedprocess] [info] Scanned user extensions: 20
[2018-12-17 17:22:46.713] [sharedprocess] [info] Scanned user extensions: 20
[2018-12-17 17:27:46.734] [sharedprocess] [info] Scanned user extensions: 20
[2018-12-17 17:32:46.755] [sharedprocess] [info] Scanned user extensions: 20
[2018-12-17 17:37:46.774] [sharedprocess] [info] Scanned user extensions: 20
[2018-12-17 17:42:46.794] [sharedprocess] [info] Scanned user extensions: 20
[2018-12-17 17:47:46.813] [sharedprocess] [info] Scanned user extensions: 20
[2018-12-17 17:52:46.831] [sharedprocess] [info] Scanned user extensions: 20
[2018-12-17 17:57:46.849] [sharedprocess] [info] Scanned user extensions: 20
[2018-12-17 18:02:46.866] [sharedprocess] [info] Scanned user extensions: 20
[2018-12-17 18:07:46.884] [sharedprocess] [info] Scanned user extensions: 20
[2018-12-17 18:12:46.910] [sharedprocess] [info] Scanned user extensions: 20
[2018-12-17 18:17:46.960] [sharedprocess] [info] Scanned user extensions: 20
[2018-12-17 18:22:46.986] [sharedprocess] [info] Scanned user extensions: 20
[2018-12-17 18:27:47.004] [sharedprocess] [info] Scanned user extensions: 20
[2018-12-17 18:32:47.020] [sharedprocess] [info] Scanned user extensions: 20
[2018-12-17 18:37:47.041] [sharedprocess] [info] Scanned user extensions: 20
[2018-12-17 18:42:47.062] [sharedprocess] [info] Scanned user extensions: 20
[2018-12-17 18:47:47.101] [sharedprocess] [info] Scanned user extensions: 20
[2018-12-17 18:52:47.119] [sharedprocess] [info] Scanned user extensions: 20
[2018-12-17 18:57:47.139] [sharedprocess] [info] Scanned user extensions: 20
[2018-12-17 19:02:47.160] [sharedprocess] [info] Scanned user extensions: 20
[2018-12-17 19:07:47.179] [sharedprocess] [info] Scanned user extensions: 20
[2018-12-17 19:12:47.205] [sharedprocess] [info] Scanned user extensions: 20
[2018-12-17 19:17:47.225] [sharedprocess] [info] Scanned user extensions: 20
[2018-12-17 19:22:47.262] [sharedprocess] [info] Scanned user extensions: 20
[2018-12-17 19:27:47.288] [sharedprocess] [info] Scanned user extensions: 20
[2018-12-17 19:32:47.309] [sharedprocess] [info] Scanned user extensions: 20
[2018-12-17 19:37:47.376] [sharedprocess] [info] Scanned user extensions: 20
[2018-12-17 19:42:47.450] [sharedprocess] [info] Scanned user extensions: 20
[2018-12-17 19:47:47.501] [sharedprocess] [info] Scanned user extensions: 20
[2018-12-17 19:52:47.578] [sharedprocess] [info] Scanned user extensions: 20
[2018-12-17 19:57:47.638] [sharedprocess] [info] Scanned user extensions: 20
[2018-12-17 20:02:47.678] [sharedprocess] [info] Scanned user extensions: 20
[2018-12-17 20:07:47.697] [sharedprocess] [info] Scanned user extensions: 20
[2018-12-17 20:12:47.711] [sharedprocess] [info] Scanned user extensions: 20
[2018-12-17 20:17:47.727] [sharedprocess] [info] Scanned user extensions: 20
[2018-12-17 20:22:47.742] [sharedprocess] [info] Scanned user extensions: 20
[2018-12-17 20:27:47.766] [sharedprocess] [info] Scanned user extensions: 20
[2018-12-17 20:32:47.785] [sharedprocess] [info] Scanned user extensions: 20
[2018-12-17 20:37:47.802] [sharedprocess] [info] Scanned user extensions: 20
[2018-12-17 20:42:47.821] [sharedprocess] [info] Scanned user extensions: 20
[2018-12-17 20:47:47.839] [sharedprocess] [info] Scanned user extensions: 20
[2018-12-17 20:52:47.865] [sharedprocess] [info] Scanned user extensions: 20
[2018-12-17 20:57:47.886] [sharedprocess] [info] Scanned user extensions: 20
[2018-12-17 21:02:47.907] [sharedprocess] [info] Scanned user extensions: 20
[2018-12-17 21:07:47.935] [sharedprocess] [info] Scanned user extensions: 20
[2018-12-17 21:12:47.952] [sharedprocess] [info] Scanned user extensions: 20
[2018-12-17 21:17:47.971] [sharedprocess] [info] Scanned user extensions: 20
[2018-12-17 21:22:47.991] [sharedprocess] [info] Scanned user extensions: 20
[2018-12-17 21:27:48.015] [sharedprocess] [info] Scanned user extensions: 20
[2018-12-17 23:08:12.796] [sharedprocess] [info] Scanned user extensions: 20
[2018-12-17 23:13:12.827] [sharedprocess] [info] Scanned user extensions: 20
[2018-12-17 23:18:12.874] [sharedprocess] [info] Scanned user extensions: 20
[2018-12-17 23:23:12.958] [sharedprocess] [info] Scanned user extensions: 20
[2018-12-17 23:28:12.983] [sharedprocess] [info] Scanned user extensions: 20
[2018-12-17 23:33:13.002] [sharedprocess] [info] Scanned user extensions: 20
[2018-12-17 23:38:13.036] [sharedprocess] [info] Scanned user extensions: 20
[2018-12-17 23:43:13.056] [sharedprocess] [info] Scanned user extensions: 20
[2018-12-17 23:48:13.072] [sharedprocess] [info] Scanned user extensions: 20
[2018-12-17 23:53:13.112] [sharedprocess] [info] Scanned user extensions: 20
[2018-12-17 23:58:13.167] [sharedprocess] [info] Scanned user extensions: 20
[2018-12-18 00:03:13.221] [sharedprocess] [info] Scanned user extensions: 20
[2018-12-18 00:08:13.250] [sharedprocess] [info] Scanned user extensions: 20
[2018-12-18 00:13:13.299] [sharedprocess] [info] Scanned user extensions: 20
[2018-12-18 00:18:13.348] [sharedprocess] [info] Scanned user extensions: 20
[2018-12-18 00:23:13.375] [sharedprocess] [info] Scanned user extensions: 20
[2018-12-18 00:28:13.394] [sharedprocess] [info] Scanned user extensions: 20
[2018-12-18 00:33:13.438] [sharedprocess] [info] Scanned user extensions: 20
[2018-12-18 00:38:13.504] [sharedprocess] [info] Scanned user extensions: 20
[2018-12-18 00:43:13.570] [sharedprocess] [info] Scanned user extensions: 20
[2018-12-18 00:48:13.625] [sharedprocess] [info] Scanned user extensions: 20
[2018-12-18 00:53:13.672] [sharedprocess] [info] Scanned user extensions: 20
[2018-12-18 00:58:13.726] [sharedprocess] [info] Scanned user extensions: 20
[2018-12-18 01:03:13.768] [sharedprocess] [info] Scanned user extensions: 20
[2018-12-18 01:08:13.796] [sharedprocess] [info] Scanned user extensions: 20
[2018-12-18 01:13:13.845] [sharedprocess] [info] Scanned user extensions: 20
[2018-12-18 01:18:13.859] [sharedprocess] [info] Scanned user extensions: 20
[2018-12-18 01:23:13.880] [sharedprocess] [info] Scanned user extensions: 20
[2018-12-18 01:28:13.907] [sharedprocess] [info] Scanned user extensions: 20
[2018-12-18 01:33:13.960] [sharedprocess] [info] Scanned user extensions: 20
[2018-12-18 01:38:13.992] [sharedprocess] [info] Scanned user extensions: 20
[2018-12-18 01:43:14.033] [sharedprocess] [info] Scanned user extensions: 20
[2018-12-18 01:48:14.085] [sharedprocess] [info] Scanned user extensions: 20
[2018-12-18 01:53:14.117] [sharedprocess] [info] Scanned user extensions: 20
[2018-12-18 01:58:14.218] [sharedprocess] [info] Scanned user extensions: 20
[2018-12-18 02:03:14.257] [sharedprocess] [info] Scanned user extensions: 20
[2018-12-18 02:08:14.281] [sharedprocess] [info] Scanned user extensions: 20
[2018-12-18 02:13:14.324] [sharedprocess] [info] Scanned user extensions: 20
[2018-12-18 02:18:14.364] [sharedprocess] [info] Scanned user extensions: 20
[2018-12-18 02:23:14.417] [sharedprocess] [info] Scanned user extensions: 20
[2018-12-18 02:28:14.480] [sharedprocess] [info] Scanned user extensions: 20
[2018-12-18 02:33:14.536] [sharedprocess] [info] Scanned user extensions: 20
[2018-12-18 02:38:14.576] [sharedprocess] [info] Scanned user extensions: 20
[2018-12-18 02:43:14.610] [sharedprocess] [info] Scanned user extensions: 20
[2018-12-18 02:48:14.651] [sharedprocess] [info] Scanned user extensions: 20
[2018-12-18 02:53:14.698] [sharedprocess] [info] Scanned user extensions: 20
[2018-12-18 02:58:14.733] [sharedprocess] [info] Scanned user extensions: 20
[2018-12-18 03:03:14.786] [sharedprocess] [info] Scanned user extensions: 20
[2018-12-18 03:08:14.824] [sharedprocess] [info] Scanned user extensions: 20
[2018-12-18 03:13:14.872] [sharedprocess] [info] Scanned user extensions: 20
[2018-12-18 03:18:14.922] [sharedprocess] [info] Scanned user extensions: 20
[2018-12-18 03:23:14.967] [sharedprocess] [info] Scanned user extensions: 20
[2018-12-18 07:41:35.451] [sharedprocess] [info] Scanned user extensions: 20
[2018-12-18 07:46:35.574] [sharedprocess] [info] Scanned user extensions: 20
[2018-12-18 07:51:35.987] [sharedprocess] [info] Scanned user extensions: 20
[2018-12-18 07:56:36.074] [sharedprocess] [info] Scanned user extensions: 20
[2018-12-18 08:01:36.102] [sharedprocess] [info] Scanned user extensions: 20
[2018-12-18 08:06:36.123] [sharedprocess] [info] Scanned user extensions: 20
[2018-12-18 08:11:36.142] [sharedprocess] [info] Scanned user extensions: 20
[2018-12-18 08:16:36.155] [sharedprocess] [info] Scanned user extensions: 20
[2018-12-18 08:21:36.155] [sharedprocess] [info] Scanned user extensions: 20
[2018-12-18 08:26:36.172] [sharedprocess] [info] Scanned user extensions: 20
[2018-12-18 08:31:36.183] [sharedprocess] [info] Scanned user extensions: 20
[2018-12-18 08:36:36.197] [sharedprocess] [info] Scanned user extensions: 20
[2018-12-18 08:41:36.216] [sharedprocess] [info] Scanned user extensions: 20
[2018-12-18 08:46:36.250] [sharedprocess] [info] Scanned user extensions: 20
[2018-12-18 08:51:36.293] [sharedprocess] [info] Scanned user extensions: 20
[2018-12-18 08:56:36.347] [sharedprocess] [info] Scanned user extensions: 20
[2018-12-18 09:01:36.375] [sharedprocess] [info] Scanned user extensions: 20
[2018-12-18 09:06:36.395] [sharedprocess] [info] Scanned user extensions: 20
[2018-12-18 09:11:36.402] [sharedprocess] [info] Scanned user extensions: 20
[2018-12-18 09:16:36.411] [sharedprocess] [info] Scanned user extensions: 20
[2018-12-18 09:21:36.429] [sharedprocess] [info] Scanned user extensions: 20
[2018-12-18 09:26:36.449] [sharedprocess] [info] Scanned user extensions: 20
[2018-12-18 09:31:36.479] [sharedprocess] [info] Scanned user extensions: 20
[2018-12-18 09:36:36.518] [sharedprocess] [info] Scanned user extensions: 20
[2018-12-18 09:41:36.548] [sharedprocess] [info] Scanned user extensions: 20
[2018-12-18 09:46:36.580] [sharedprocess] [info] Scanned user extensions: 20
[2018-12-18 09:51:36.623] [sharedprocess] [info] Scanned user extensions: 20
[2018-12-18 09:56:36.654] [sharedprocess] [info] Scanned user extensions: 20
[2018-12-18 10:01:36.665] [sharedprocess] [info] Scanned user extensions: 20
[2018-12-18 10:06:36.690] [sharedprocess] [info] Scanned user extensions: 20
[2018-12-18 10:11:36.727] [sharedprocess] [info] Scanned user extensions: 20
[2018-12-18 10:16:36.781] [sharedprocess] [info] Scanned user extensions: 20
[2018-12-18 10:21:36.835] [sharedprocess] [info] Scanned user extensions: 20
[2018-12-18 10:26:36.879] [sharedprocess] [info] Scanned user extensions: 20
[2018-12-18 10:31:36.907] [sharedprocess] [info] Scanned user extensions: 20
[2018-12-18 10:36:36.933] [sharedprocess] [info] Scanned user extensions: 20
[2018-12-18 10:41:36.955] [sharedprocess] [info] Scanned user extensions: 20
[2018-12-18 10:46:36.997] [sharedprocess] [info] Scanned user extensions: 20
[2018-12-18 10:51:37.017] [sharedprocess] [info] Scanned user extensions: 20
[2018-12-18 10:56:37.090] [sharedprocess] [info] Scanned user extensions: 20
[2018-12-18 11:01:37.141] [sharedprocess] [info] Scanned user extensions: 20
[2018-12-18 11:06:37.178] [sharedprocess] [info] Scanned user extensions: 20
[2018-12-18 11:11:37.210] [sharedprocess] [info] Scanned user extensions: 20
[2018-12-18 11:16:37.242] [sharedprocess] [info] Scanned user extensions: 20
[2018-12-18 11:21:37.295] [sharedprocess] [info] Scanned user extensions: 20
[2018-12-18 11:26:37.338] [sharedprocess] [info] Scanned user extensions: 20
[2018-12-18 11:31:37.359] [sharedprocess] [info] Scanned user extensions: 20
[2018-12-18 11:36:37.394] [sharedprocess] [info] Scanned user extensions: 20
[2018-12-18 11:41:37.439] [sharedprocess] [info] Scanned user extensions: 20
[2018-12-18 11:46:37.466] [sharedprocess] [info] Scanned user extensions: 20
[2018-12-18 11:51:37.491] [sharedprocess] [info] Scanned user extensions: 20
[2018-12-18 11:56:37.512] [sharedprocess] [info] Scanned user extensions: 20
[2018-12-18 12:01:37.535] [sharedprocess] [info] Scanned user extensions: 20
[2018-12-18 12:06:37.555] [sharedprocess] [info] Scanned user extensions: 20
[2018-12-18 12:11:37.574] [sharedprocess] [info] Scanned user extensions: 20
[2018-12-18 12:16:37.593] [sharedprocess] [info] Scanned user extensions: 20
[2018-12-18 12:21:37.611] [sharedprocess] [info] Scanned user extensions: 20
[2018-12-18 12:26:37.628] [sharedprocess] [info] Scanned user extensions: 20
[2018-12-18 12:31:37.645] [sharedprocess] [info] Scanned user extensions: 20
[2018-12-18 12:36:37.662] [sharedprocess] [info] Scanned user extensions: 20
[2018-12-18 12:41:37.685] [sharedprocess] [info] Scanned user extensions: 20
[2018-12-18 12:46:37.706] [sharedprocess] [info] Scanned user extensions: 20
[2018-12-18 12:51:37.721] [sharedprocess] [info] Scanned user extensions: 20
[2018-12-18 12:56:37.742] [sharedprocess] [info] Scanned user extensions: 20
[2018-12-18 13:01:37.760] [sharedprocess] [info] Scanned user extensions: 20
[2018-12-18 13:06:37.775] [sharedprocess] [info] Scanned user extensions: 20
[2018-12-18 13:11:37.799] [sharedprocess] [info] Scanned user extensions: 20
[2018-12-18 13:16:37.814] [sharedprocess] [info] Scanned user extensions: 20
[2018-12-18 13:21:37.831] [sharedprocess] [info] Scanned user extensions: 20
[2018-12-18 13:26:37.849] [sharedprocess] [info] Scanned user extensions: 20
[2018-12-18 13:31:37.872] [sharedprocess] [info] Scanned user extensions: 20
[2018-12-18 13:36:37.895] [sharedprocess] [info] Scanned user extensions: 20
[2018-12-18 13:41:37.915] [sharedprocess] [info] Scanned user extensions: 20
[2018-12-18 13:46:37.936] [sharedprocess] [info] Scanned user extensions: 20
[2018-12-18 13:51:37.967] [sharedprocess] [info] Scanned user extensions: 20
[2018-12-18 13:56:37.994] [sharedprocess] [info] Scanned user extensions: 20
[2018-12-18 14:01:38.014] [sharedprocess] [info] Scanned user extensions: 20
[2018-12-18 14:06:38.053] [sharedprocess] [info] Scanned user extensions: 20
[2018-12-18 14:11:38.077] [sharedprocess] [info] Scanned user extensions: 20
[2018-12-18 14:16:38.095] [sharedprocess] [info] Scanned user extensions: 20
[2018-12-18 14:21:38.113] [sharedprocess] [info] Scanned user extensions: 20
[2018-12-18 14:26:38.140] [sharedprocess] [info] Scanned user extensions: 20
[2018-12-18 14:31:38.155] [sharedprocess] [info] Scanned user extensions: 20
[2018-12-18 14:36:38.168] [sharedprocess] [info] Scanned user extensions: 20
[2018-12-18 14:41:38.188] [sharedprocess] [info] Scanned user extensions: 20
[2018-12-18 14:46:38.232] [sharedprocess] [info] Scanned user extensions: 20
[2018-12-18 14:51:38.276] [sharedprocess] [info] Scanned user extensions: 20
[2018-12-18 14:56:38.308] [sharedprocess] [info] Scanned user extensions: 20
[2018-12-18 15:01:38.357] [sharedprocess] [info] Scanned user extensions: 20
[2018-12-18 15:06:38.386] [sharedprocess] [info] Scanned user extensions: 20
[2018-12-18 15:11:38.416] [sharedprocess] [info] Scanned user extensions: 20
[2018-12-18 18:12:54.208] [sharedprocess] [info] Scanned user extensions: 20
[2018-12-19 08:02:37.344] [sharedprocess] [info] Scanned user extensions: 20
[2018-12-19 08:07:37.369] [sharedprocess] [info] Scanned user extensions: 20
[2018-12-19 08:12:36.218] [sharedprocess] [info] Scanned user extensions: 20
[2018-12-19 08:17:36.195] [sharedprocess] [info] Scanned user extensions: 20
[2018-12-19 08:22:36.230] [sharedprocess] [info] Scanned user extensions: 20
[2018-12-19 08:27:36.278] [sharedprocess] [info] Scanned user extensions: 20
[2018-12-19 08:32:36.326] [sharedprocess] [info] Scanned user extensions: 20
[2018-12-19 08:37:36.371] [sharedprocess] [info] Scanned user extensions: 20
[2018-12-19 08:42:36.449] [sharedprocess] [info] Scanned user extensions: 20
[2018-12-19 08:47:36.486] [sharedprocess] [info] Scanned user extensions: 20
[2018-12-19 08:52:36.508] [sharedprocess] [info] Scanned user extensions: 20
[2018-12-19 08:57:36.539] [sharedprocess] [info] Scanned user extensions: 20
[2018-12-19 09:02:36.564] [sharedprocess] [info] Scanned user extensions: 20
[2018-12-19 09:07:27.425] [sharedprocess] [info] Scanned user extensions: 20
[2018-12-19 09:12:27.267] [sharedprocess] [info] Scanned user extensions: 20
[2018-12-19 09:17:27.164] [sharedprocess] [info] Scanned user extensions: 20
[2018-12-19 09:22:27.185] [sharedprocess] [info] Scanned user extensions: 20
[2018-12-19 09:27:27.202] [sharedprocess] [info] Scanned user extensions: 20
[2018-12-19 09:32:27.224] [sharedprocess] [info] Scanned user extensions: 20
[2018-12-19 09:37:27.239] [sharedprocess] [info] Scanned user extensions: 20
[2018-12-19 09:42:27.263] [sharedprocess] [info] Scanned user extensions: 20
[2018-12-19 09:47:27.281] [sharedprocess] [info] Scanned user extensions: 20
[2018-12-19 09:52:27.298] [sharedprocess] [info] Scanned user extensions: 20
[2018-12-19 09:57:27.301] [sharedprocess] [info] Scanned user extensions: 20
[2018-12-19 10:02:27.293] [sharedprocess] [info] Scanned user extensions: 20
[2018-12-19 10:07:27.308] [sharedprocess] [info] Scanned user extensions: 20
[2018-12-19 10:12:27.319] [sharedprocess] [info] Scanned user extensions: 20
[2018-12-19 10:17:27.356] [sharedprocess] [info] Scanned user extensions: 20
[2018-12-19 10:22:27.396] [sharedprocess] [info] Scanned user extensions: 20
[2018-12-19 10:27:27.427] [sharedprocess] [info] Scanned user extensions: 20
[2018-12-19 10:32:27.450] [sharedprocess] [info] Scanned user extensions: 20
[2018-12-19 10:37:27.467] [sharedprocess] [info] Scanned user extensions: 20
[2018-12-19 10:42:27.485] [sharedprocess] [info] Scanned user extensions: 20
[2018-12-19 10:47:27.497] [sharedprocess] [info] Scanned user extensions: 20
[2018-12-19 10:52:27.506] [sharedprocess] [info] Scanned user extensions: 20
[2018-12-19 10:57:27.517] [sharedprocess] [info] Scanned user extensions: 20
[2018-12-19 11:02:27.531] [sharedprocess] [info] Scanned user extensions: 20
[2018-12-19 11:07:27.543] [sharedprocess] [info] Scanned user extensions: 20
[2018-12-19 11:12:27.560] [sharedprocess] [info] Scanned user extensions: 20
[2018-12-19 11:17:27.573] [sharedprocess] [info] Scanned user extensions: 20
[2018-12-19 11:22:27.589] [sharedprocess] [info] Scanned user extensions: 20
[2018-12-19 11:27:27.606] [sharedprocess] [info] Scanned user extensions: 20
[2018-12-19 11:32:27.626] [sharedprocess] [info] Scanned user extensions: 20
[2018-12-19 11:37:27.648] [sharedprocess] [info] Scanned user extensions: 20
[2018-12-19 11:42:27.678] [sharedprocess] [info] Scanned user extensions: 20
[2018-12-19 11:47:27.707] [sharedprocess] [info] Scanned user extensions: 20
[2018-12-19 11:52:27.729] [sharedprocess] [info] Scanned user extensions: 20
[2018-12-19 11:57:27.775] [sharedprocess] [info] Scanned user extensions: 20
[2018-12-19 12:02:27.795] [sharedprocess] [info] Scanned user extensions: 20
[2018-12-19 12:07:27.829] [sharedprocess] [info] Scanned user extensions: 20
[2018-12-19 12:12:27.875] [sharedprocess] [info] Scanned user extensions: 20
[2018-12-19 12:17:27.921] [sharedprocess] [info] Scanned user extensions: 20
[2018-12-19 12:22:27.982] [sharedprocess] [info] Scanned user extensions: 20
[2018-12-19 12:27:28.013] [sharedprocess] [info] Scanned user extensions: 20
[2018-12-19 12:32:28.056] [sharedprocess] [info] Scanned user extensions: 20
[2018-12-19 12:37:28.079] [sharedprocess] [info] Scanned user extensions: 20
[2018-12-19 12:42:28.097] [sharedprocess] [info] Scanned user extensions: 20
[2018-12-19 12:47:28.111] [sharedprocess] [info] Scanned user extensions: 20
[2018-12-19 12:52:28.144] [sharedprocess] [info] Scanned user extensions: 20
[2018-12-19 12:57:28.165] [sharedprocess] [info] Scanned user extensions: 20
[2018-12-19 13:02:28.189] [sharedprocess] [info] Scanned user extensions: 20
[2018-12-19 13:07:28.213] [sharedprocess] [info] Scanned user extensions: 20
[2018-12-19 13:12:28.240] [sharedprocess] [info] Scanned user extensions: 20
[2018-12-19 13:17:28.254] [sharedprocess] [info] Scanned user extensions: 20
[2018-12-19 13:22:28.268] [sharedprocess] [info] Scanned user extensions: 20
[2018-12-19 13:27:28.285] [sharedprocess] [info] Scanned user extensions: 20
[2018-12-19 13:32:28.301] [sharedprocess] [info] Scanned user extensions: 20
[2018-12-19 13:37:28.323] [sharedprocess] [info] Scanned user extensions: 20
[2018-12-19 13:42:28.342] [sharedprocess] [info] Scanned user extensions: 20
[2018-12-19 13:47:28.369] [sharedprocess] [info] Scanned user extensions: 20
[2018-12-19 13:52:28.395] [sharedprocess] [info] Scanned user extensions: 20
[2018-12-19 13:57:28.414] [sharedprocess] [info] Scanned user extensions: 20
[2018-12-19 14:02:28.469] [sharedprocess] [info] Scanned user extensions: 20
[2018-12-19 14:07:28.490] [sharedprocess] [info] Scanned user extensions: 20
[2018-12-19 14:12:28.510] [sharedprocess] [info] Scanned user extensions: 20
[2018-12-19 14:17:28.532] [sharedprocess] [info] Scanned user extensions: 20
[2018-12-19 14:22:28.557] [sharedprocess] [info] Scanned user extensions: 20
[2018-12-19 14:27:28.575] [sharedprocess] [info] Scanned user extensions: 20
[2018-12-19 14:32:28.598] [sharedprocess] [info] Scanned user extensions: 20
[2018-12-19 14:37:28.620] [sharedprocess] [info] Scanned user extensions: 20
[2018-12-19 14:42:28.643] [sharedprocess] [info] Scanned user extensions: 20
[2018-12-19 14:47:28.664] [sharedprocess] [info] Scanned user extensions: 20
[2018-12-19 14:52:28.685] [sharedprocess] [info] Scanned user extensions: 20
[2018-12-19 14:57:28.702] [sharedprocess] [info] Scanned user extensions: 20
[2018-12-19 15:02:28.720] [sharedprocess] [info] Scanned user extensions: 20
[2018-12-19 15:07:28.736] [sharedprocess] [info] Scanned user extensions: 20
[2018-12-19 15:12:28.752] [sharedprocess] [info] Scanned user extensions: 20
[2018-12-19 15:17:28.774] [sharedprocess] [info] Scanned user extensions: 20
[2018-12-19 15:22:28.805] [sharedprocess] [info] Scanned user extensions: 20
[2018-12-19 15:27:28.835] [sharedprocess] [info] Scanned user extensions: 20
[2018-12-19 15:32:28.851] [sharedprocess] [info] Scanned user extensions: 20
[2018-12-19 15:37:28.884] [sharedprocess] [info] Scanned user extensions: 20
[2018-12-19 15:42:28.918] [sharedprocess] [info] Scanned user extensions: 20
[2018-12-19 15:47:28.937] [sharedprocess] [info] Scanned user extensions: 20
[2018-12-19 15:52:28.958] [sharedprocess] [info] Scanned user extensions: 20
[2018-12-19 15:57:28.961] [sharedprocess] [info] Scanned user extensions: 20
[2018-12-19 16:02:28.962] [sharedprocess] [info] Scanned user extensions: 20
[2018-12-19 16:07:28.975] [sharedprocess] [info] Scanned user extensions: 20
[2018-12-19 16:12:28.985] [sharedprocess] [info] Scanned user extensions: 20
[2018-12-19 16:17:28.992] [sharedprocess] [info] Scanned user extensions: 20
[2018-12-19 16:22:28.999] [sharedprocess] [info] Scanned user extensions: 20
[2018-12-19 16:27:29.011] [sharedprocess] [info] Scanned user extensions: 20
[2018-12-19 16:32:29.045] [sharedprocess] [info] Scanned user extensions: 20
[2018-12-19 16:37:29.077] [sharedprocess] [info] Scanned user extensions: 20
[2018-12-19 16:42:29.129] [sharedprocess] [info] Scanned user extensions: 20
[2018-12-19 16:47:29.165] [sharedprocess] [info] Scanned user extensions: 20
[2018-12-19 16:52:29.224] [sharedprocess] [info] Scanned user extensions: 20
[2018-12-19 16:57:29.269] [sharedprocess] [info] Scanned user extensions: 20
[2018-12-19 20:00:28.512] [sharedprocess] [info] Scanned user extensions: 20
[2018-12-20 08:01:33.481] [sharedprocess] [info] Scanned user extensions: 20
[2018-12-20 08:06:33.517] [sharedprocess] [info] Scanned user extensions: 20
[2018-12-20 08:11:33.262] [sharedprocess] [info] Scanned user extensions: 20
[2018-12-20 08:16:33.278] [sharedprocess] [info] Scanned user extensions: 20
[2018-12-20 08:21:33.323] [sharedprocess] [info] Scanned user extensions: 20
[2018-12-20 08:26:33.370] [sharedprocess] [info] Scanned user extensions: 20
[2018-12-20 08:31:33.431] [sharedprocess] [info] Scanned user extensions: 20
[2018-12-20 08:36:33.488] [sharedprocess] [info] Scanned user extensions: 20
[2018-12-20 08:41:33.552] [sharedprocess] [info] Scanned user extensions: 20
[2018-12-20 08:46:33.647] [sharedprocess] [info] Scanned user extensions: 20
[2018-12-20 08:51:33.672] [sharedprocess] [info] Scanned user extensions: 20
[2018-12-20 08:56:33.713] [sharedprocess] [info] Scanned user extensions: 20
[2018-12-20 09:01:33.754] [sharedprocess] [info] Scanned user extensions: 20
[2018-12-20 09:06:33.780] [sharedprocess] [info] Scanned user extensions: 20
[2018-12-20 09:11:33.816] [sharedprocess] [info] Scanned user extensions: 20
[2018-12-20 09:16:33.821] [sharedprocess] [info] Scanned user extensions: 20
[2018-12-20 09:21:33.843] [sharedprocess] [info] Scanned user extensions: 20
[2018-12-20 09:26:33.863] [sharedprocess] [info] Scanned user extensions: 20
[2018-12-20 09:31:33.884] [sharedprocess] [info] Scanned user extensions: 20
[2018-12-20 09:36:33.919] [sharedprocess] [info] Scanned user extensions: 20
[2018-12-20 09:41:33.978] [sharedprocess] [info] Scanned user extensions: 20
[2018-12-20 09:46:34.009] [sharedprocess] [info] Scanned user extensions: 20
[2018-12-20 09:51:34.064] [sharedprocess] [info] Scanned user extensions: 20
[2018-12-20 09:56:34.082] [sharedprocess] [info] Scanned user extensions: 20
[2018-12-20 10:01:34.108] [sharedprocess] [info] Scanned user extensions: 20
[2018-12-20 10:06:34.123] [sharedprocess] [info] Scanned user extensions: 20
[2018-12-20 10:11:34.141] [sharedprocess] [info] Scanned user extensions: 20
[2018-12-20 10:16:34.184] [sharedprocess] [info] Scanned user extensions: 20
[2018-12-20 10:21:34.207] [sharedprocess] [info] Scanned user extensions: 20
[2018-12-20 10:26:34.228] [sharedprocess] [info] Scanned user extensions: 20
[2018-12-20 10:31:34.246] [sharedprocess] [info] Scanned user extensions: 20
[2018-12-20 10:36:34.266] [sharedprocess] [info] Scanned user extensions: 20
[2018-12-20 10:41:34.298] [sharedprocess] [info] Scanned user extensions: 20
[2018-12-20 10:46:34.326] [sharedprocess] [info] Scanned user extensions: 20
[2018-12-20 10:51:34.356] [sharedprocess] [info] Scanned user extensions: 20
[2018-12-20 10:56:34.370] [sharedprocess] [info] Scanned user extensions: 20
[2018-12-20 11:01:34.382] [sharedprocess] [info] Scanned user extensions: 20
[2018-12-20 11:06:34.398] [sharedprocess] [info] Scanned user extensions: 20
[2018-12-20 11:11:34.430] [sharedprocess] [info] Scanned user extensions: 20
[2018-12-20 11:16:34.450] [sharedprocess] [info] Scanned user extensions: 20
[2018-12-20 11:21:34.471] [sharedprocess] [info] Scanned user extensions: 20
[2018-12-20 11:26:34.486] [sharedprocess] [info] Scanned user extensions: 20
[2018-12-20 11:31:34.531] [sharedprocess] [info] Scanned user extensions: 20
[2018-12-20 11:36:34.579] [sharedprocess] [info] Scanned user extensions: 20
[2018-12-20 11:41:34.628] [sharedprocess] [info] Scanned user extensions: 20
[2018-12-20 11:46:34.673] [sharedprocess] [info] Scanned user extensions: 20
[2018-12-20 11:51:34.718] [sharedprocess] [info] Scanned user extensions: 20
[2018-12-20 11:56:34.761] [sharedprocess] [info] Scanned user extensions: 20
[2018-12-20 12:01:34.784] [sharedprocess] [info] Scanned user extensions: 20
[2018-12-20 12:06:34.803] [sharedprocess] [info] Scanned user extensions: 20
[2018-12-20 12:11:34.829] [sharedprocess] [info] Scanned user extensions: 20
[2018-12-20 12:16:34.853] [sharedprocess] [info] Scanned user extensions: 20
[2018-12-20 12:21:34.887] [sharedprocess] [info] Scanned user extensions: 20
[2018-12-20 12:26:34.911] [sharedprocess] [info] Scanned user extensions: 20
[2018-12-20 12:31:34.966] [sharedprocess] [info] Scanned user extensions: 20
[2018-12-20 12:36:35.023] [sharedprocess] [info] Scanned user extensions: 20
[2018-12-20 12:41:35.065] [sharedprocess] [info] Scanned user extensions: 20
[2018-12-20 12:46:35.113] [sharedprocess] [info] Scanned user extensions: 20
[2018-12-20 12:51:35.166] [sharedprocess] [info] Scanned user extensions: 20
[2018-12-20 12:56:35.215] [sharedprocess] [info] Scanned user extensions: 20
[2018-12-20 13:01:35.237] [sharedprocess] [info] Scanned user extensions: 20
[2018-12-20 13:06:35.272] [sharedprocess] [info] Scanned user extensions: 20
[2018-12-20 13:11:35.317] [sharedprocess] [info] Scanned user extensions: 20
[2018-12-20 13:16:35.354] [sharedprocess] [info] Scanned user extensions: 20
[2018-12-20 13:21:35.395] [sharedprocess] [info] Scanned user extensions: 20
[2018-12-20 13:26:35.441] [sharedprocess] [info] Scanned user extensions: 20
[2018-12-20 13:31:35.491] [sharedprocess] [info] Scanned user extensions: 20
[2018-12-20 13:36:35.541] [sharedprocess] [info] Scanned user extensions: 20
[2018-12-20 13:41:35.597] [sharedprocess] [info] Scanned user extensions: 20
[2018-12-20 13:46:35.641] [sharedprocess] [info] Scanned user extensions: 20
[2018-12-20 13:51:35.686] [sharedprocess] [info] Scanned user extensions: 20
[2018-12-20 13:56:35.716] [sharedprocess] [info] Scanned user extensions: 20
[2018-12-20 14:01:35.732] [sharedprocess] [info] Scanned user extensions: 20
[2018-12-20 14:06:35.772] [sharedprocess] [info] Scanned user extensions: 20
[2018-12-20 14:11:35.811] [sharedprocess] [info] Scanned user extensions: 20
[2018-12-20 14:16:35.833] [sharedprocess] [info] Scanned user extensions: 20
[2018-12-20 14:21:35.875] [sharedprocess] [info] Scanned user extensions: 20
[2018-12-20 14:26:35.924] [sharedprocess] [info] Scanned user extensions: 20
[2018-12-20 14:31:35.951] [sharedprocess] [info] Scanned user extensions: 20
[2018-12-20 14:36:35.984] [sharedprocess] [info] Scanned user extensions: 20
[2018-12-20 14:41:36.023] [sharedprocess] [info] Scanned user extensions: 20
[2018-12-20 14:46:36.058] [sharedprocess] [info] Scanned user extensions: 20
[2018-12-20 14:51:36.084] [sharedprocess] [info] Scanned user extensions: 20
[2018-12-20 14:56:36.102] [sharedprocess] [info] Scanned user extensions: 20
[2018-12-20 15:01:36.118] [sharedprocess] [info] Scanned user extensions: 20
[2018-12-20 15:06:36.135] [sharedprocess] [info] Scanned user extensions: 20
[2018-12-20 15:11:36.150] [sharedprocess] [info] Scanned user extensions: 20
[2018-12-20 15:16:36.161] [sharedprocess] [info] Scanned user extensions: 20
[2018-12-20 15:21:36.199] [sharedprocess] [info] Scanned user extensions: 20
[2018-12-20 15:26:36.232] [sharedprocess] [info] Scanned user extensions: 20
[2018-12-20 15:31:36.270] [sharedprocess] [info] Scanned user extensions: 20
[2018-12-20 15:36:36.306] [sharedprocess] [info] Scanned user extensions: 20
[2018-12-20 15:41:36.330] [sharedprocess] [info] Scanned user extensions: 20
[2018-12-20 15:46:36.364] [sharedprocess] [info] Scanned user extensions: 20
[2018-12-20 15:51:36.386] [sharedprocess] [info] Scanned user extensions: 20
[2018-12-20 15:56:36.406] [sharedprocess] [info] Scanned user extensions: 20
[2018-12-20 16:01:36.420] [sharedprocess] [info] Scanned user extensions: 20
[2018-12-20 16:06:36.454] [sharedprocess] [info] Scanned user extensions: 20
[2018-12-20 16:11:36.483] [sharedprocess] [info] Scanned user extensions: 20
[2018-12-20 16:16:36.517] [sharedprocess] [info] Scanned user extensions: 20
[2018-12-20 16:21:36.555] [sharedprocess] [info] Scanned user extensions: 20
[2018-12-20 16:26:36.579] [sharedprocess] [info] Scanned user extensions: 20
[2018-12-20 16:31:36.591] [sharedprocess] [info] Scanned user extensions: 20
[2018-12-20 16:36:36.605] [sharedprocess] [info] Scanned user extensions: 20
[2018-12-20 16:41:36.620] [sharedprocess] [info] Scanned user extensions: 20
[2018-12-20 16:46:36.637] [sharedprocess] [info] Scanned user extensions: 20
[2018-12-20 16:51:36.651] [sharedprocess] [info] Scanned user extensions: 20
[2018-12-20 16:56:36.676] [sharedprocess] [info] Scanned user extensions: 20
[2018-12-20 17:01:36.694] [sharedprocess] [info] Scanned user extensions: 20
[2018-12-20 17:06:36.709] [sharedprocess] [info] Scanned user extensions: 20
[2018-12-20 17:11:36.738] [sharedprocess] [info] Scanned user extensions: 20
[2018-12-20 17:16:36.757] [sharedprocess] [info] Scanned user extensions: 20
[2018-12-20 17:21:36.783] [sharedprocess] [info] Scanned user extensions: 20
[2018-12-20 17:26:36.800] [sharedprocess] [info] Scanned user extensions: 20
[2018-12-20 17:31:36.819] [sharedprocess] [info] Scanned user extensions: 20
[2018-12-20 17:36:36.844] [sharedprocess] [info] Scanned user extensions: 20
[2018-12-20 17:41:36.887] [sharedprocess] [info] Scanned user extensions: 20
[2018-12-20 17:46:36.931] [sharedprocess] [info] Scanned user extensions: 20
[2018-12-20 17:51:36.969] [sharedprocess] [info] Scanned user extensions: 20
[2018-12-20 17:56:36.997] [sharedprocess] [info] Scanned user extensions: 20
[2018-12-20 18:01:37.018] [sharedprocess] [info] Scanned user extensions: 20
[2018-12-20 18:06:37.066] [sharedprocess] [info] Scanned user extensions: 20
[2018-12-20 18:11:37.108] [sharedprocess] [info] Scanned user extensions: 20
[2018-12-20 18:16:37.134] [sharedprocess] [info] Scanned user extensions: 20
[2018-12-20 18:21:37.176] [sharedprocess] [info] Scanned user extensions: 20
[2018-12-20 18:26:37.215] [sharedprocess] [info] Scanned user extensions: 20
[2018-12-20 18:31:37.236] [sharedprocess] [info] Scanned user extensions: 20
[2018-12-20 18:36:37.250] [sharedprocess] [info] Scanned user extensions: 20
[2018-12-20 18:41:37.263] [sharedprocess] [info] Scanned user extensions: 20
[2018-12-20 21:44:27.616] [sharedprocess] [info] Scanned user extensions: 20
[2018-12-21 09:48:57.167] [sharedprocess] [info] Scanned user extensions: 20
[2018-12-21 09:53:57.192] [sharedprocess] [info] Scanned user extensions: 20
[2018-12-21 09:58:57.217] [sharedprocess] [info] Scanned user extensions: 20
[2018-12-21 10:03:57.247] [sharedprocess] [info] Scanned user extensions: 20
[2018-12-21 10:08:57.265] [sharedprocess] [info] Scanned user extensions: 20
[2018-12-21 10:13:57.262] [sharedprocess] [info] Scanned user extensions: 20
[2018-12-21 10:18:57.294] [sharedprocess] [info] Scanned user extensions: 20
[2018-12-21 10:23:57.322] [sharedprocess] [info] Scanned user extensions: 20
[2018-12-21 10:28:57.355] [sharedprocess] [info] Scanned user extensions: 20
[2018-12-21 10:33:57.377] [sharedprocess] [info] Scanned user extensions: 20
[2018-12-21 10:38:57.400] [sharedprocess] [info] Scanned user extensions: 20
[2018-12-21 10:43:57.413] [sharedprocess] [info] Scanned user extensions: 20
[2018-12-21 10:48:57.432] [sharedprocess] [info] Scanned user extensions: 20
[2018-12-21 10:53:57.460] [sharedprocess] [info] Scanned user extensions: 20
[2018-12-21 10:58:57.476] [sharedprocess] [info] Scanned user extensions: 20
[2018-12-21 11:03:57.524] [sharedprocess] [info] Scanned user extensions: 20
[2018-12-21 11:08:57.540] [sharedprocess] [info] Scanned user extensions: 20
[2018-12-21 11:13:57.568] [sharedprocess] [info] Scanned user extensions: 20
[2018-12-21 11:18:57.594] [sharedprocess] [info] Scanned user extensions: 20
[2018-12-21 11:23:57.616] [sharedprocess] [info] Scanned user extensions: 20
[2018-12-21 11:28:57.639] [sharedprocess] [info] Scanned user extensions: 20
[2018-12-21 11:33:57.663] [sharedprocess] [info] Scanned user extensions: 20
[2018-12-21 11:38:57.692] [sharedprocess] [info] Scanned user extensions: 20
[2018-12-21 11:43:57.715] [sharedprocess] [info] Scanned user extensions: 20
[2018-12-21 11:48:57.744] [sharedprocess] [info] Scanned user extensions: 20
[2018-12-21 11:53:57.776] [sharedprocess] [info] Scanned user extensions: 20
[2018-12-21 11:58:57.798] [sharedprocess] [info] Scanned user extensions: 20
[2018-12-21 12:03:57.845] [sharedprocess] [info] Scanned user extensions: 20
[2018-12-21 12:08:57.856] [sharedprocess] [info] Scanned user extensions: 20
[2018-12-21 12:13:57.879] [sharedprocess] [info] Scanned user extensions: 20
[2018-12-21 12:18:57.902] [sharedprocess] [info] Scanned user extensions: 20
[2018-12-21 12:23:57.956] [sharedprocess] [info] Scanned user extensions: 20
[2018-12-21 12:28:57.983] [sharedprocess] [info] Scanned user extensions: 20
[2018-12-21 12:33:58.015] [sharedprocess] [info] Scanned user extensions: 20
[2018-12-21 12:38:58.074] [sharedprocess] [info] Scanned user extensions: 20
[2018-12-21 12:43:58.120] [sharedprocess] [info] Scanned user extensions: 20
[2018-12-21 12:48:58.161] [sharedprocess] [info] Scanned user extensions: 20
[2018-12-21 12:53:58.206] [sharedprocess] [info] Scanned user extensions: 20
[2018-12-21 12:58:58.263] [sharedprocess] [info] Scanned user extensions: 20
[2018-12-21 13:03:58.318] [sharedprocess] [info] Scanned user extensions: 20
[2018-12-21 13:08:58.349] [sharedprocess] [info] Scanned user extensions: 20
[2018-12-21 13:13:58.391] [sharedprocess] [info] Scanned user extensions: 20
[2018-12-21 13:18:58.454] [sharedprocess] [info] Scanned user extensions: 20
[2018-12-21 13:23:58.493] [sharedprocess] [info] Scanned user extensions: 20
[2018-12-21 13:28:58.526] [sharedprocess] [info] Scanned user extensions: 20
[2018-12-21 13:33:58.570] [sharedprocess] [info] Scanned user extensions: 20
[2018-12-21 13:38:58.603] [sharedprocess] [info] Scanned user extensions: 20
[2018-12-21 13:43:58.618] [sharedprocess] [info] Scanned user extensions: 20
[2018-12-21 13:48:58.664] [sharedprocess] [info] Scanned user extensions: 20
[2018-12-21 13:53:58.682] [sharedprocess] [info] Scanned user extensions: 20
[2018-12-21 13:58:58.698] [sharedprocess] [info] Scanned user extensions: 20
[2018-12-21 14:03:58.727] [sharedprocess] [info] Scanned user extensions: 20
[2018-12-21 14:08:58.756] [sharedprocess] [info] Scanned user extensions: 20
[2018-12-21 14:13:58.772] [sharedprocess] [info] Scanned user extensions: 20
[2018-12-21 14:18:58.793] [sharedprocess] [info] Scanned user extensions: 20
[2018-12-21 14:23:58.831] [sharedprocess] [info] Scanned user extensions: 20
[2018-12-21 14:28:58.854] [sharedprocess] [info] Scanned user extensions: 20
[2018-12-21 14:33:58.875] [sharedprocess] [info] Scanned user extensions: 20
[2018-12-21 14:38:58.895] [sharedprocess] [info] Scanned user extensions: 20
[2018-12-21 14:43:58.930] [sharedprocess] [info] Scanned user extensions: 20
[2018-12-21 14:48:58.958] [sharedprocess] [info] Scanned user extensions: 20
[2018-12-21 14:53:58.999] [sharedprocess] [info] Scanned user extensions: 20
[2018-12-21 14:58:59.043] [sharedprocess] [info] Scanned user extensions: 20
[2018-12-21 15:03:59.099] [sharedprocess] [info] Scanned user extensions: 20
[2018-12-21 15:08:59.123] [sharedprocess] [info] Scanned user extensions: 20
[2018-12-21 15:13:59.154] [sharedprocess] [info] Scanned user extensions: 20
[2018-12-21 15:18:59.185] [sharedprocess] [info] Scanned user extensions: 20
[2018-12-21 15:23:59.202] [sharedprocess] [info] Scanned user extensions: 20
[2018-12-21 15:28:59.251] [sharedprocess] [info] Scanned user extensions: 20
[2018-12-21 15:33:59.283] [sharedprocess] [info] Scanned user extensions: 20
[2018-12-21 15:38:59.317] [sharedprocess] [info] Scanned user extensions: 20
[2018-12-21 15:43:59.360] [sharedprocess] [info] Scanned user extensions: 20
[2018-12-21 15:48:59.385] [sharedprocess] [info] Scanned user extensions: 20
[2018-12-21 15:53:59.420] [sharedprocess] [info] Scanned user extensions: 20
[2018-12-21 15:58:59.438] [sharedprocess] [info] Scanned user extensions: 20
[2018-12-21 16:03:59.467] [sharedprocess] [info] Scanned user extensions: 20
[2018-12-21 16:08:59.485] [sharedprocess] [info] Scanned user extensions: 20
[2018-12-21 16:13:59.535] [sharedprocess] [info] Scanned user extensions: 20
[2018-12-21 16:18:59.578] [sharedprocess] [info] Scanned user extensions: 20
[2018-12-21 16:23:59.598] [sharedprocess] [info] Scanned user extensions: 20
[2018-12-21 16:28:59.625] [sharedprocess] [info] Scanned user extensions: 20
